<?xml version="1.0" encoding="UTF-8"?>
<!-- Generated by org.testng.reporters.JUnitReportReporter -->
<testsuite name="com.amplify.test.suite1.AddLoanTest" tests="1" time="100.447" ignored="0" failures="0" timestamp="19 Sep 2017 15:20:16 GMT" skipped="0" hostname="2LY89F2" errors="0">
  <testcase name="AddNewLoan1" time="100.447" classname="com.amplify.test.suite1.AddLoanTest"/>
</testsuite> <!-- com.amplify.test.suite1.AddLoanTest -->
