<?xml version="1.0" encoding="UTF-8"?>
<!-- Generated by org.testng.reporters.JUnitReportReporter -->
<testsuite name="com.amplify.test.suite1.AddLoanTest" tests="2" time="138.493" ignored="0" failures="0" timestamp="10 Nov 2017 08:48:40 GMT" skipped="0" hostname="2LY89F2" errors="0">
  <testcase name="VerifyAdditionOfLoanThroughAdminRole" time="80.030" classname="com.amplify.test.suite1.AddLoanTest"/>
  <testcase name="VerifyLoginThroughAdminUserRole" time="58.463" classname="com.amplify.test.suite1.AddLoanTest"/>
</testsuite> <!-- com.amplify.test.suite1.AddLoanTest -->
