<?xml version="1.0" encoding="UTF-8"?>
<!-- Generated by org.testng.reporters.JUnitReportReporter -->
<testsuite name="com.amplify.test.suite1.TC001_VerifyTasksForUnderwriter" tests="1" time="0.724" ignored="0" failures="0" timestamp="20 Sep 2017 08:56:41 GMT" skipped="0" hostname="2LY89F2" errors="0">
  <testcase name="VerifyUWTasksForCloser" time="0.724" classname="com.amplify.test.suite1.TC001_VerifyTasksForUnderwriter"/>
</testsuite> <!-- com.amplify.test.suite1.TC001_VerifyTasksForUnderwriter -->
