<?xml version="1.0" encoding="UTF-8"?>
<!-- Generated by org.testng.reporters.JUnitReportReporter -->
<testsuite name="com.amplify.test.suite1.TC002_VerifyingFileAssignmentFunctionality" tests="1" time="45.302" ignored="0" failures="0" timestamp="13 Nov 2017 13:38:08 GMT" skipped="0" hostname="2LY89F2" errors="0">
  <testcase name="ValidateAssignLoantoUnderwriterRole" time="45.302" classname="com.amplify.test.suite1.TC002_VerifyingFileAssignmentFunctionality"/>
</testsuite> <!-- com.amplify.test.suite1.TC002_VerifyingFileAssignmentFunctionality -->
